This is pdfTeX, Version 3.1415926-2.5-1.40.14 (TeX Live 2013) (format=pdflatex 2013.5.30)  12 JAN 2015 15:40
entering extended mode
 restricted \write18 enabled.
 file:line:error style messages enabled.
 %&-line parsing enabled.
**moderncvstyleclassic.sty
(./moderncvstyleclassic.sty
LaTeX2e <2011/06/27>
Babel <3.9f> and hyphenation patterns for 78 languages loaded.

LaTeX Warning: You have requested package `',
               but the package provides `moderncvstyleclassic'.

Package: moderncvstyleclassic 2012/10/31 v1.2.0 modern curriculum vitae and let
ter style scheme: classic
(/usr/local/texlive/2013/texmf-dist/tex/latex/lm/lmodern.sty
Package: lmodern 2009/10/30 v1.6 Latin Modern Fonts
LaTeX Font Info:    Overwriting symbol font `operators' in version `normal'
(Font)                  OT1/cmr/m/n --> OT1/lmr/m/n on input line 22.
LaTeX Font Info:    Overwriting symbol font `letters' in version `normal'
(Font)                  OML/cmm/m/it --> OML/lmm/m/it on input line 23.
LaTeX Font Info:    Overwriting symbol font `symbols' in version `normal'
(Font)                  OMS/cmsy/m/n --> OMS/lmsy/m/n on input line 24.
LaTeX Font Info:    Overwriting symbol font `largesymbols' in version `normal'
(Font)                  OMX/cmex/m/n --> OMX/lmex/m/n on input line 25.
LaTeX Font Info:    Overwriting symbol font `operators' in version `bold'
(Font)                  OT1/cmr/bx/n --> OT1/lmr/bx/n on input line 26.
LaTeX Font Info:    Overwriting symbol font `letters' in version `bold'
(Font)                  OML/cmm/b/it --> OML/lmm/b/it on input line 27.
LaTeX Font Info:    Overwriting symbol font `symbols' in version `bold'
(Font)                  OMS/cmsy/b/n --> OMS/lmsy/b/n on input line 28.
LaTeX Font Info:    Overwriting symbol font `largesymbols' in version `bold'
(Font)                  OMX/cmex/m/n --> OMX/lmex/m/n on input line 29.
LaTeX Font Info:    Overwriting math alphabet `\mathbf' in version `normal'
(Font)                  OT1/cmr/bx/n --> OT1/lmr/bx/n on input line 31.
LaTeX Font Info:    Overwriting math alphabet `\mathsf' in version `normal'
(Font)                  OT1/cmss/m/n --> OT1/lmss/m/n on input line 32.
LaTeX Font Info:    Overwriting math alphabet `\mathit' in version `normal'
(Font)                  OT1/cmr/m/it --> OT1/lmr/m/it on input line 33.
LaTeX Font Info:    Overwriting math alphabet `\mathtt' in version `normal'
(Font)                  OT1/cmtt/m/n --> OT1/lmtt/m/n on input line 34.
LaTeX Font Info:    Overwriting math alphabet `\mathbf' in version `bold'
(Font)                  OT1/cmr/bx/n --> OT1/lmr/bx/n on input line 35.
LaTeX Font Info:    Overwriting math alphabet `\mathsf' in version `bold'
(Font)                  OT1/cmss/bx/n --> OT1/lmss/bx/n on input line 36.
LaTeX Font Info:    Overwriting math alphabet `\mathit' in version `bold'
(Font)                  OT1/cmr/bx/it --> OT1/lmr/bx/it on input line 37.
LaTeX Font Info:    Overwriting math alphabet `\mathtt' in version `bold'
(Font)                  OT1/cmtt/m/n --> OT1/lmtt/m/n on input line 38.
)

./moderncvstyleclassic.sty:41: LaTeX Error: \mobilesymbol undefined.

See the LaTeX manual or LaTeX Companion for explanation.
Type  H <return>  for immediate help.
 ...                                              
                                                  
l.41 \renewcommand*{\mobilesymbol}
                                  {\marvosymbol{72}~}
? 

./moderncvstyleclassic.sty:42: LaTeX Error: \phonesymbol undefined.

See the LaTeX manual or LaTeX Companion for explanation.
Type  H <return>  for immediate help.
 ...                                              
                                                  
l.42 \renewcommand*{\phonesymbol}
                                 {\marvosymbol{84}~}
? 

./moderncvstyleclassic.sty:43: LaTeX Error: \faxsymbol undefined.

See the LaTeX manual or LaTeX Companion for explanation.
Type  H <return>  for immediate help.
 ...                                              
                                                  
l.43 \renewcommand*{\faxsymbol}
                               {\marvosymbol{117}~}
? 

./moderncvstyleclassic.sty:44: LaTeX Error: \emailsymbol undefined.

See the LaTeX manual or LaTeX Companion for explanation.
Type  H <return>  for immediate help.
 ...                                              
                                                  
l.44 \renewcommand*{\emailsymbol}
                                 {\marvosymbol{66}~}
? 

./moderncvstyleclassic.sty:45: LaTeX Error: \homepagesymbol undefined.

See the LaTeX manual or LaTeX Companion for explanation.
Type  H <return>  for immediate help.
 ...                                              
                                                  
l.45 \renewcommand*{\homepagesymbol}
                                    {{\Large\marvosymbol{205}}~}
? 

./moderncvstyleclassic.sty:52: LaTeX Error: \namefont undefined.

See the LaTeX manual or LaTeX Companion for explanation.
Type  H <return>  for immediate help.
 ...                                              
                                                  
l.52 \renewcommand*{\namefont}
                              {\fontsize{34}{36}\mdseries\upshape}
? 

./moderncvstyleclassic.sty:53: LaTeX Error: \titlefont undefined.

See the LaTeX manual or LaTeX Companion for explanation.
Type  H <return>  for immediate help.
 ...                                              
                                                  
l.53 \renewcommand*{\titlefont}
                               {\LARGE\mdseries\slshape}
? 

./moderncvstyleclassic.sty:54: LaTeX Error: \addressfont undefined.

See the LaTeX manual or LaTeX Companion for explanation.
Type  H <return>  for immediate help.
 ...                                              
                                                  
l.54 \renewcommand*{\addressfont}
                                 {\small\mdseries\slshape}
? 

./moderncvstyleclassic.sty:55: LaTeX Error: \quotefont undefined.

See the LaTeX manual or LaTeX Companion for explanation.
Type  H <return>  for immediate help.
 ...                                              
                                                  
l.55 \renewcommand*{\quotefont}
                               {\large\slshape}
? 

./moderncvstyleclassic.sty:56: LaTeX Error: \sectionfont undefined.

See the LaTeX manual or LaTeX Companion for explanation.
Type  H <return>  for immediate help.
 ...                                              
                                                  
l.56 \renewcommand*{\sectionfont}
                                 {\Large\mdseries\upshape}
? 

./moderncvstyleclassic.sty:57: LaTeX Error: \subsectionfont undefined.

See the LaTeX manual or LaTeX Companion for explanation.
Type  H <return>  for immediate help.
 ...                                              
                                                  
l.57 \renewcommand*{\subsectionfont}
                                    {\large\mdseries\upshape}
? 

./moderncvstyleclassic.sty:58: LaTeX Error: \hintfont undefined.

See the LaTeX manual or LaTeX Companion for explanation.
Type  H <return>  for immediate help.
 ...                                              
                                                  
l.58 \renewcommand*{\hintfont}
                              {}
? 

./moderncvstyleclassic.sty:61: LaTeX Error: \namestyle undefined.

See the LaTeX manual or LaTeX Companion for explanation.
Type  H <return>  for immediate help.
 ...                                              
                                                  
l.61 \renewcommand*{\namestyle}
                               [1]{{\namefont\textcolor{color0}{#1}}}
? 

./moderncvstyleclassic.sty:62: LaTeX Error: \titlestyle undefined.

See the LaTeX manual or LaTeX Companion for explanation.
Type  H <return>  for immediate help.
 ...                                              
                                                  
l.62 \renewcommand*{\titlestyle}
                                [1]{{\titlefont\textcolor{color2}{#1}}}
? 

./moderncvstyleclassic.sty:63: LaTeX Error: \addressstyle undefined.

See the LaTeX manual or LaTeX Companion for explanation.
Type  H <return>  for immediate help.
 ...                                              
                                                  
l.63 \renewcommand*{\addressstyle}
                                  [1]{{\addressfont\textcolor{color1}{#1}}}
? 

./moderncvstyleclassic.sty:64: LaTeX Error: \quotestyle undefined.

See the LaTeX manual or LaTeX Companion for explanation.
Type  H <return>  for immediate help.
 ...                                              
                                                  
l.64 \renewcommand*{\quotestyle}
                                [1]{{\quotefont\textcolor{color1}{#1}}}
? 

./moderncvstyleclassic.sty:65: LaTeX Error: \sectionstyle undefined.

See the LaTeX manual or LaTeX Companion for explanation.
Type  H <return>  for immediate help.
 ...                                              
                                                  
l.65 \renewcommand*{\sectionstyle}
                                  [1]{{\sectionfont\textcolor{color1}{#1}}}
? 

./moderncvstyleclassic.sty:66: LaTeX Error: \subsectionstyle undefined.

See the LaTeX manual or LaTeX Companion for explanation.
Type  H <return>  for immediate help.
 ...                                              
                                                  
l.66 \renewcommand*{\subsectionstyle}
                                     [1]{{\subsectionfont\textcolor{color1}{...

? 

./moderncvstyleclassic.sty:67: LaTeX Error: \hintstyle undefined.

See the LaTeX manual or LaTeX Companion for explanation.
Type  H <return>  for immediate help.
 ...                                              
                                                  
l.67 \renewcommand*{\hintstyle}
                               [1]{{\hintfont\textcolor{color0}{#1}}}
? 
\quotewidth=\skip41
\hintscolumnwidth=\skip42
\separatorcolumnwidth=\skip43
\maincolumnwidth=\skip44
\doubleitemmaincolumnwidth=\skip45
\listitemsymbolwidth=\skip46
./moderncvstyleclassic.sty:78: Undefined control sequence.
<argument> \listitemsymbol 
                           
l.78 ...dth{\listitemsymbolwidth}{\listitemsymbol}
                                                  
? 
\listitemmaincolumnwidth=\skip47
\listdoubleitemmaincolumnwidth=\skip48

./moderncvstyleclassic.sty:83: LaTeX Error: \recomputecvlengths undefined.

See the LaTeX manual or LaTeX Companion for explanation.
Type  H <return>  for immediate help.
 ...                                              
                                                  
l.83 \renewcommand*{\recomputecvlengths}
                                        {%
? 
\makecvtitlenamewidth=\skip49

./moderncvstyleclassic.sty:103: LaTeX Error: \makecvtitle undefined.

See the LaTeX manual or LaTeX Companion for explanation.
Type  H <return>  for immediate help.
 ...                                              
                                                  
l.103 \renewcommand*{\makecvtitle}
                                  {%
? 
\baseletterheight=\skip50
./moderncvstyleclassic.sty:158: Undefined control sequence.
\sectionfont ->\Large 
                      \mdseries \upshape 
l.158 ...ight{\baseletterheight}{\sectionstyle{o}}
                                                  
? 
./moderncvstyleclassic.sty:158: Undefined control sequence.
\sectionstyle #1->{\sectionfont \textcolor 
                                           {color1}{#1}}
l.158 ...ight{\baseletterheight}{\sectionstyle{o}}
                                                  
? 

./moderncvstyleclassic.sty:159: LaTeX Error: Missing \begin{document}.

See the LaTeX manual or LaTeX Companion for explanation.
Type  H <return>  for immediate help.
 ...                                              
                                                  
l.159 ...seletterheight}{\baseletterheight-0.95ex}
                                                  
? 
Missing character: There is no - in font nullfont!
Missing character: There is no 0 in font nullfont!
Missing character: There is no . in font nullfont!
Missing character: There is no 9 in font nullfont!
Missing character: There is no 5 in font nullfont!
Missing character: There is no e in font nullfont!
Missing character: There is no x in font nullfont!

./moderncvstyleclassic.sty:160: LaTeX Error: \section undefined.

See the LaTeX manual or LaTeX Companion for explanation.
Type  H <return>  for immediate help.
 ...                                              
                                                  
l.160 \renewcommand*{\section}
                              [1]{%
? 

Overfull \hbox (20.0pt too wide) in paragraph at lines 159--168
[] 
 []


./moderncvstyleclassic.sty:169: LaTeX Error: \subsection undefined.

See the LaTeX manual or LaTeX Companion for explanation.
Type  H <return>  for immediate help.
 ...                                              
                                                  
l.169 \renewcommand*{\subsection}
                                 [1]{%
? 

./moderncvstyleclassic.sty:178: LaTeX Error: \cvitem undefined.

See the LaTeX manual or LaTeX Companion for explanation.
Type  H <return>  for immediate help.
 ...                                              
                                                  
l.178 \renewcommand*{\cvitem}
                             [3][.25em]{%
? 

./moderncvstyleclassic.sty:184: LaTeX Error: \cvdoubleitem undefined.

See the LaTeX manual or LaTeX Companion for explanation.
Type  H <return>  for immediate help.
 ...                                              
                                                  
l.184 \renewcommand*{\cvdoubleitem}
                                   [5][.25em]{%
? 

./moderncvstyleclassic.sty:192: LaTeX Error: \cvlistitem undefined.

See the LaTeX manual or LaTeX Companion for explanation.
Type  H <return>  for immediate help.
 ...                                              
                                                  
l.192 \renewcommand*{\cvlistitem}
                                 [2][.25em]{%
? 

./moderncvstyleclassic.sty:195: LaTeX Error: \cvlistdoubleitem undefined.

See the LaTeX manual or LaTeX Companion for explanation.
Type  H <return>  for immediate help.
 ...                                              
                                                  
l.195 \renewcommand*{\cvlistdoubleitem}
                                       [3][.25em]{%
? 

./moderncvstyleclassic.sty:202: LaTeX Error: \cventry undefined.

See the LaTeX manual or LaTeX Companion for explanation.
Type  H <return>  for immediate help.
 ...                                              
                                                  
l.202 \renewcommand*{\cventry}
                              [7][.25em]{%
? 
\cvitemwithcommentmainbox=\box26
\cvitemwithcommentmainlength=\skip51
\cvitemwithcommentcommentlength=\skip52

./moderncvstyleclassic.sty:215: LaTeX Error: \cvitemwithcomment undefined.

See the LaTeX manual or LaTeX Companion for explanation.
Type  H <return>  for immediate help.
 ...                                              
                                                  
l.215 \renewcommand*{\cvitemwithcomment}
                                        [4][.25em]{%
? 

./moderncvstyleclassic.sty:224: LaTeX Error: Environment thebibliography undefi
ned.

See the LaTeX manual or LaTeX Companion for explanation.
Type  H <return>  for immediate help.
 ...                                              
                                                  
l.224 \renewenvironment{thebibliography}
                                        [1]%
? 

./moderncvstyleclassic.sty:253: LaTeX Error: \recomputeletterlengths undefined.


See the LaTeX manual or LaTeX Companion for explanation.
Type  H <return>  for immediate help.
 ...                                              
                                                  
l.253 \renewcommand*{\recomputeletterlengths}
                                             {%
? 
./moderncvstyleclassic.sty:253: Emergency stop.
 ...                                              
                                                  
l.253 \renewcommand*{\recomputeletterlengths}
                                             {%
Try typing  <return>  to proceed.
If that doesn't work, type  X <return>  to quit.

 
Here is how much of TeX's memory you used:
 109 strings out of 493315
 1774 string characters out of 6137904
 52158 words of memory out of 5000000
 3655 multiletter control sequences out of 15000+600000
 3640 words of font info for 14 fonts, out of 8000000 for 9000
 957 hyphenation exceptions out of 8191
 18i,1n,22p,186b,61s stack positions out of 5000i,500n,10000p,200000b,80000s
./moderncvstyleclassic.sty:253:  ==> Fatal error occurred, no output PDF file p
roduced!
